生成启动时间为 2018/5/5 10:37:30。
     1>项目“D:\Workspaces\VS2013\TEST\FaceRec\FaceRec\FaceRec.vcxproj”在节点 2 上(Build 个目标)。
     1>ClCompile:
         C:\Program Files (x86)\Microsoft Visual Studio 12.0\VC\bin\CL.exe /c /ID:\Workspaces\VS2013\TEST\FaceRec\FaceRec /ZI /nologo /W3 /WX- /sdl /Od /Oy- /D WIN32 /D _WINDOWS /D _DEBUG /D _CRT_SECURE_NO_WARNINGS /D _UNICODE /D UNICODE /D _AFXDLL /Gm /EHsc /RTC1 /MDd /GS /fp:precise /Zc:wchar_t /Zc:forScope /Yu"stdafx.h" /Fp"Debug\FaceRec.pch" /Fo"Debug\\" /Fd"Debug\vc120.pdb" /Gd /TP /analyze- /errorReport:prompt MainDlg.cpp
         MainDlg.cpp
     1>d:\workspaces\vs2013\test\facerec\facerec\maindlg.cpp(115): warning C4244: “初始化”: 从“double”转换到“float”，可能丢失数据
     1>d:\workspaces\vs2013\test\facerec\facerec\maindlg.cpp(121): warning C4244: “初始化”: 从“int”转换到“float”，可能丢失数据
     1>d:\workspaces\vs2013\test\facerec\facerec\maindlg.cpp(127): warning C4244: “初始化”: 从“int”转换到“float”，可能丢失数据
     1>d:\workspaces\vs2013\test\facerec\facerec\maindlg.cpp(156): warning C4101: “e”: 未引用的局部变量
     1>d:\workspaces\vs2013\test\facerec\facerec\maindlg.cpp(397): warning C4244: “参数”: 从“double”转换到“int”，可能丢失数据
     1>d:\workspaces\vs2013\test\facerec\facerec\maindlg.cpp(401): warning C4244: “参数”: 从“double”转换到“int”，可能丢失数据
     1>d:\workspaces\vs2013\test\facerec\facerec\maindlg.cpp(653): warning C4018: “<”: 有符号/无符号不匹配
       Link:
         C:\Program Files (x86)\Microsoft Visual Studio 12.0\VC\bin\link.exe /ERRORREPORT:PROMPT /OUT:"D:\Workspaces\VS2013\TEST\FaceRec\Debug\FaceRec.exe" /INCREMENTAL /NOLOGO opencv_ml249d.lib opencv_calib3d249d.lib opencv_contrib249d.lib opencv_core249d.lib opencv_features2d249d.lib opencv_flann249d.lib opencv_gpu249d.lib opencv_highgui249d.lib opencv_imgproc249d.lib opencv_legacy249d.lib opencv_objdetect249d.lib opencv_ts249d.lib opencv_video249d.lib opencv_nonfree249d.lib opencv_ocl249d.lib opencv_photo249d.lib opencv_stitching249d.lib opencv_superres249d.lib opencv_videostab249d.lib /MANIFEST /MANIFESTUAC:"level='asInvoker' uiAccess='false'" /manifest:embed /manifestinput:"C:\Program Files (x86)\Microsoft Visual Studio 12.0\VC\Include\Manifest\dpiaware.manifest" /DEBUG /PDB:"D:\Workspaces\VS2013\TEST\FaceRec\Debug\FaceRec.pdb" /SUBSYSTEM:WINDOWS /TLBID:1 /ENTRY:"wWinMainCRTStartup" /DYNAMICBASE /NXCOMPAT /IMPLIB:"D:\Workspaces\VS2013\TEST\FaceRec\Debug\FaceRec.lib" /MACHINE:X86 Debug\FaceRec.res
         Debug\FaceRec.obj
         Debug\FaceRecDlg.obj
         Debug\MainDlg.obj
         Debug\CvvImage.obj
         Debug\face_detector.obj
         Debug\face_tracker.obj
         Debug\ft_data.obj
         Debug\ImageUtils_0.7.obj
         Debug\patch_model.obj
         Debug\preprocessFace.obj
         Debug\recognition.obj
         Debug\shape_model.obj
         Debug\stdafx.obj
         FaceRec.vcxproj -> D:\Workspaces\VS2013\TEST\FaceRec\Debug\FaceRec.exe
     1>已完成生成项目“D:\Workspaces\VS2013\TEST\FaceRec\FaceRec\FaceRec.vcxproj”(Build 个目标)的操作。

生成成功。

已用时间 00:00:02.45
